<?xml version="1.0" encoding="UTF-8"?>
<coverage generated="1730757408117" clover="3.2.0">
  <project timestamp="1730757408118" name="All files">
    <metrics statements="40" coveredstatements="40" conditionals="28" coveredconditionals="26" methods="16" coveredmethods="15" elements="84" coveredelements="81" complexity="0" loc="40" ncloc="40" packages="5" files="9" classes="9">
      <package name="every">
        <metrics statements="9" coveredstatements="9" conditionals="6" coveredconditionals="6" methods="3" coveredmethods="3"/>
        <file name="every-recursive.js" path="C:\Users\Mateus\Documents\Arquivos de Programação\CursoReactJS-quero-ser-Ninja\jest-in-practice\src\every\every-recursive.js">
          <metrics statements="4" coveredstatements="4" conditionals="4" coveredconditionals="4" methods="2" coveredmethods="2"/>
          <line num="3" count="1" type="stmt"/>
          <line num="4" count="5" type="stmt"/>
          <line num="5" count="14" type="stmt"/>
          <line num="6" count="14" type="cond" truecount="2" falsecount="0"/>
        </file>
        <file name="every.js" path="C:\Users\Mateus\Documents\Arquivos de Programação\CursoReactJS-quero-ser-Ninja\jest-in-practice\src\every\every.js">
          <metrics statements="5" coveredstatements="5" conditionals="2" coveredconditionals="2" methods="1" coveredmethods="1"/>
          <line num="3" count="1" type="stmt"/>
          <line num="4" count="5" type="stmt"/>
          <line num="5" count="10" type="cond" truecount="2" falsecount="0"/>
          <line num="6" count="1" type="stmt"/>
          <line num="9" count="4" type="stmt"/>
        </file>
      </package>
      <package name="filter">
        <metrics statements="10" coveredstatements="10" conditionals="8" coveredconditionals="6" methods="4" coveredmethods="3"/>
        <file name="filter-recursive.js" path="C:\Users\Mateus\Documents\Arquivos de Programação\CursoReactJS-quero-ser-Ninja\jest-in-practice\src\filter\filter-recursive.js">
          <metrics statements="4" coveredstatements="4" conditionals="4" coveredconditionals="4" methods="2" coveredmethods="2"/>
          <line num="3" count="1" type="stmt"/>
          <line num="4" count="5" type="stmt"/>
          <line num="5" count="24" type="stmt"/>
          <line num="6" count="24" type="cond" truecount="2" falsecount="0"/>
        </file>
        <file name="filter.js" path="C:\Users\Mateus\Documents\Arquivos de Programação\CursoReactJS-quero-ser-Ninja\jest-in-practice\src\filter\filter.js">
          <metrics statements="6" coveredstatements="6" conditionals="4" coveredconditionals="2" methods="2" coveredmethods="1"/>
          <line num="3" count="1" type="cond" truecount="0" falsecount="2"/>
          <line num="4" count="5" type="stmt"/>
          <line num="5" count="5" type="stmt"/>
          <line num="6" count="19" type="cond" truecount="2" falsecount="0"/>
          <line num="7" count="13" type="stmt"/>
          <line num="10" count="5" type="stmt"/>
        </file>
      </package>
      <package name="map">
        <metrics statements="10" coveredstatements="10" conditionals="8" coveredconditionals="8" methods="5" coveredmethods="5"/>
        <file name="map-recursive.js" path="C:\Users\Mateus\Documents\Arquivos de Programação\CursoReactJS-quero-ser-Ninja\jest-in-practice\src\map\map-recursive.js">
          <metrics statements="4" coveredstatements="4" conditionals="4" coveredconditionals="4" methods="3" coveredmethods="3"/>
          <line num="3" count="2" type="cond" truecount="2" falsecount="0"/>
          <line num="4" count="8" type="stmt"/>
          <line num="5" count="22" type="stmt"/>
          <line num="6" count="22" type="cond" truecount="2" falsecount="0"/>
        </file>
        <file name="map.js" path="C:\Users\Mateus\Documents\Arquivos de Programação\CursoReactJS-quero-ser-Ninja\jest-in-practice\src\map\map.js">
          <metrics statements="6" coveredstatements="6" conditionals="4" coveredconditionals="4" methods="2" coveredmethods="2"/>
          <line num="3" count="2" type="cond" truecount="2" falsecount="0"/>
          <line num="4" count="9" type="stmt"/>
          <line num="5" count="9" type="cond" truecount="2" falsecount="0"/>
          <line num="7" count="8" type="stmt"/>
          <line num="8" count="14" type="stmt"/>
          <line num="10" count="8" type="stmt"/>
        </file>
      </package>
      <package name="reverse">
        <metrics statements="2" coveredstatements="2" conditionals="0" coveredconditionals="0" methods="1" coveredmethods="1"/>
        <file name="reverse.js" path="C:\Users\Mateus\Documents\Arquivos de Programação\CursoReactJS-quero-ser-Ninja\jest-in-practice\src\reverse\reverse.js">
          <metrics statements="2" coveredstatements="2" conditionals="0" coveredconditionals="0" methods="1" coveredmethods="1"/>
          <line num="3" count="1" type="stmt"/>
          <line num="4" count="1" type="stmt"/>
        </file>
      </package>
      <package name="some">
        <metrics statements="9" coveredstatements="9" conditionals="6" coveredconditionals="6" methods="3" coveredmethods="3"/>
        <file name="some-recursive.js" path="C:\Users\Mateus\Documents\Arquivos de Programação\CursoReactJS-quero-ser-Ninja\jest-in-practice\src\some\some-recursive.js">
          <metrics statements="4" coveredstatements="4" conditionals="4" coveredconditionals="4" methods="2" coveredmethods="2"/>
          <line num="3" count="1" type="stmt"/>
          <line num="4" count="5" type="stmt"/>
          <line num="5" count="8" type="stmt"/>
          <line num="6" count="8" type="cond" truecount="2" falsecount="0"/>
        </file>
        <file name="some.js" path="C:\Users\Mateus\Documents\Arquivos de Programação\CursoReactJS-quero-ser-Ninja\jest-in-practice\src\some\some.js">
          <metrics statements="5" coveredstatements="5" conditionals="2" coveredconditionals="2" methods="1" coveredmethods="1"/>
          <line num="3" count="1" type="stmt"/>
          <line num="4" count="5" type="stmt"/>
          <line num="5" count="6" type="cond" truecount="2" falsecount="0"/>
          <line num="6" count="3" type="stmt"/>
          <line num="9" count="2" type="stmt"/>
        </file>
      </package>
    </metrics>
  </project>
</coverage>
