{"C:\\Users\\Mateus\\Documents\\Arquivos de Programação\\CursoReactJS-quero-ser-Ninja\\jest-in-practice\\src\\every\\every-recursive.js": {"path":"C:\\Users\\Mateus\\Documents\\Arquivos de Programação\\CursoReactJS-quero-ser-Ninja\\jest-in-practice\\src\\every\\every-recursive.js","statementMap":{"0":{"start":{"line":3,"column":14},"end":{"line":10,"column":1}},"1":{"start":{"line":4,"column":4},"end":{"line":9,"column":14}},"2":{"start":{"line":5,"column":32},"end":{"line":5,"column":45}},"3":{"start":{"line":6,"column":8},"end":{"line":8,"column":42}}},"fnMap":{"0":{"name":"(anonymous_0)","decl":{"start":{"line":3,"column":14},"end":{"line":3,"column":15}},"loc":{"start":{"line":3,"column":29},"end":{"line":10,"column":1}},"line":3},"1":{"name":"everyInternal","decl":{"start":{"line":4,"column":21},"end":{"line":4,"column":34}},"loc":{"start":{"line":4,"column":58},"end":{"line":9,"column":5}},"line":4}},"branchMap":{"0":{"loc":{"start":{"line":6,"column":15},"end":{"line":8,"column":42}},"type":"cond-expr","locations":[{"start":{"line":6,"column":44},"end":{"line":6,"column":48}},{"start":{"line":7,"column":10},"end":{"line":8,"column":42}}],"line":6},"1":{"loc":{"start":{"line":7,"column":10},"end":{"line":8,"column":42}},"type":"cond-expr","locations":[{"start":{"line":7,"column":38},"end":{"line":7,"column":43}},{"start":{"line":8,"column":10},"end":{"line":8,"column":42}}],"line":7}},"s":{"0":1,"1":5,"2":14,"3":14},"f":{"0":5,"1":14},"b":{"0":[4,10],"1":[1,9]},"_coverageSchema":"332fd63041d2c1bcb487cc26dd0d5f7d97098a6c","hash":"04a4ece65310907ab472ca39fa7dcacd0eac0458"}
,"C:\\Users\\Mateus\\Documents\\Arquivos de Programação\\CursoReactJS-quero-ser-Ninja\\jest-in-practice\\src\\every\\every.js": {"path":"C:\\Users\\Mateus\\Documents\\Arquivos de Programação\\CursoReactJS-quero-ser-Ninja\\jest-in-practice\\src\\every\\every.js","statementMap":{"0":{"start":{"line":3,"column":14},"end":{"line":10,"column":1}},"1":{"start":{"line":4,"column":4},"end":{"line":8,"column":5}},"2":{"start":{"line":5,"column":8},"end":{"line":7,"column":9}},"3":{"start":{"line":6,"column":12},"end":{"line":6,"column":24}},"4":{"start":{"line":9,"column":4},"end":{"line":9,"column":15}}},"fnMap":{"0":{"name":"(anonymous_0)","decl":{"start":{"line":3,"column":14},"end":{"line":3,"column":15}},"loc":{"start":{"line":3,"column":29},"end":{"line":10,"column":1}},"line":3}},"branchMap":{"0":{"loc":{"start":{"line":5,"column":8},"end":{"line":7,"column":9}},"type":"if","locations":[{"start":{"line":5,"column":8},"end":{"line":7,"column":9}},{"start":{"line":5,"column":8},"end":{"line":7,"column":9}}],"line":5}},"s":{"0":1,"1":5,"2":10,"3":1,"4":4},"f":{"0":5},"b":{"0":[1,9]},"_coverageSchema":"332fd63041d2c1bcb487cc26dd0d5f7d97098a6c","hash":"07353cfd8f56a961899f6e3b12fe7632b410f115"}
,"C:\\Users\\Mateus\\Documents\\Arquivos de Programação\\CursoReactJS-quero-ser-Ninja\\jest-in-practice\\src\\filter\\filter-recursive.js": {"path":"C:\\Users\\Mateus\\Documents\\Arquivos de Programação\\CursoReactJS-quero-ser-Ninja\\jest-in-practice\\src\\filter\\filter-recursive.js","statementMap":{"0":{"start":{"line":3,"column":15},"end":{"line":10,"column":1}},"1":{"start":{"line":4,"column":4},"end":{"line":9,"column":14}},"2":{"start":{"line":5,"column":32},"end":{"line":5,"column":45}},"3":{"start":{"line":6,"column":8},"end":{"line":8,"column":51}}},"fnMap":{"0":{"name":"(anonymous_0)","decl":{"start":{"line":3,"column":15},"end":{"line":3,"column":16}},"loc":{"start":{"line":3,"column":30},"end":{"line":10,"column":1}},"line":3},"1":{"name":"filterInternal","decl":{"start":{"line":4,"column":21},"end":{"line":4,"column":35}},"loc":{"start":{"line":4,"column":59},"end":{"line":9,"column":5}},"line":4}},"branchMap":{"0":{"loc":{"start":{"line":6,"column":15},"end":{"line":8,"column":51}},"type":"cond-expr","locations":[{"start":{"line":6,"column":44},"end":{"line":6,"column":46}},{"start":{"line":6,"column":49},"end":{"line":8,"column":51}}],"line":6},"1":{"loc":{"start":{"line":7,"column":12},"end":{"line":7,"column":50}},"type":"cond-expr","locations":[{"start":{"line":7,"column":39},"end":{"line":7,"column":45}},{"start":{"line":7,"column":48},"end":{"line":7,"column":50}}],"line":7}},"s":{"0":1,"1":5,"2":24,"3":24},"f":{"0":5,"1":24},"b":{"0":[5,19],"1":[13,6]},"_coverageSchema":"332fd63041d2c1bcb487cc26dd0d5f7d97098a6c","hash":"7c6a8361781b0972affaa935a3306851bfdbc819"}
,"C:\\Users\\Mateus\\Documents\\Arquivos de Programação\\CursoReactJS-quero-ser-Ninja\\jest-in-practice\\src\\filter\\filter.js": {"path":"C:\\Users\\Mateus\\Documents\\Arquivos de Programação\\CursoReactJS-quero-ser-Ninja\\jest-in-practice\\src\\filter\\filter.js","statementMap":{"0":{"start":{"line":3,"column":15},"end":{"line":11,"column":1}},"1":{"start":{"line":3,"column":43},"end":{"line":3,"column":47}},"2":{"start":{"line":4,"column":17},"end":{"line":4,"column":19}},"3":{"start":{"line":5,"column":4},"end":{"line":9,"column":5}},"4":{"start":{"line":6,"column":8},"end":{"line":8,"column":9}},"5":{"start":{"line":7,"column":12},"end":{"line":7,"column":31}},"6":{"start":{"line":10,"column":4},"end":{"line":10,"column":17}}},"fnMap":{"0":{"name":"(anonymous_0)","decl":{"start":{"line":3,"column":15},"end":{"line":3,"column":16}},"loc":{"start":{"line":3,"column":52},"end":{"line":11,"column":1}},"line":3},"1":{"name":"(anonymous_1)","decl":{"start":{"line":3,"column":33},"end":{"line":3,"column":34}},"loc":{"start":{"line":3,"column":43},"end":{"line":3,"column":47}},"line":3}},"branchMap":{"0":{"loc":{"start":{"line":3,"column":16},"end":{"line":3,"column":24}},"type":"default-arg","locations":[{"start":{"line":3,"column":22},"end":{"line":3,"column":24}}],"line":3},"1":{"loc":{"start":{"line":3,"column":26},"end":{"line":3,"column":47}},"type":"default-arg","locations":[{"start":{"line":3,"column":33},"end":{"line":3,"column":47}}],"line":3},"2":{"loc":{"start":{"line":6,"column":8},"end":{"line":8,"column":9}},"type":"if","locations":[{"start":{"line":6,"column":8},"end":{"line":8,"column":9}},{"start":{"line":6,"column":8},"end":{"line":8,"column":9}}],"line":6}},"s":{"0":1,"1":0,"2":5,"3":5,"4":19,"5":13,"6":5},"f":{"0":5,"1":0},"b":{"0":[0],"1":[0],"2":[13,6]},"_coverageSchema":"332fd63041d2c1bcb487cc26dd0d5f7d97098a6c","hash":"12602f311fe8fb50c02e4fb2bc61ec243e866b48"}
,"C:\\Users\\Mateus\\Documents\\Arquivos de Programação\\CursoReactJS-quero-ser-Ninja\\jest-in-practice\\src\\map\\map-recursive.js": {"path":"C:\\Users\\Mateus\\Documents\\Arquivos de Programação\\CursoReactJS-quero-ser-Ninja\\jest-in-practice\\src\\map\\map-recursive.js","statementMap":{"0":{"start":{"line":3,"column":12},"end":{"line":11,"column":1}},"1":{"start":{"line":3,"column":40},"end":{"line":3,"column":44}},"2":{"start":{"line":4,"column":4},"end":{"line":10,"column":14}},"3":{"start":{"line":5,"column":32},"end":{"line":5,"column":45}},"4":{"start":{"line":6,"column":8},"end":{"line":9,"column":9}}},"fnMap":{"0":{"name":"(anonymous_0)","decl":{"start":{"line":3,"column":12},"end":{"line":3,"column":13}},"loc":{"start":{"line":3,"column":49},"end":{"line":11,"column":1}},"line":3},"1":{"name":"(anonymous_1)","decl":{"start":{"line":3,"column":30},"end":{"line":3,"column":31}},"loc":{"start":{"line":3,"column":40},"end":{"line":3,"column":44}},"line":3},"2":{"name":"mapInternal","decl":{"start":{"line":4,"column":21},"end":{"line":4,"column":32}},"loc":{"start":{"line":4,"column":57},"end":{"line":10,"column":5}},"line":4}},"branchMap":{"0":{"loc":{"start":{"line":3,"column":13},"end":{"line":3,"column":21}},"type":"default-arg","locations":[{"start":{"line":3,"column":19},"end":{"line":3,"column":21}}],"line":3},"1":{"loc":{"start":{"line":3,"column":23},"end":{"line":3,"column":44}},"type":"default-arg","locations":[{"start":{"line":3,"column":30},"end":{"line":3,"column":44}}],"line":3},"2":{"loc":{"start":{"line":6,"column":15},"end":{"line":9,"column":9}},"type":"cond-expr","locations":[{"start":{"line":6,"column":44},"end":{"line":6,"column":46}},{"start":{"line":6,"column":49},"end":{"line":9,"column":9}}],"line":6}},"s":{"0":1,"1":2,"2":8,"3":22,"4":22},"f":{"0":8,"1":2,"2":22},"b":{"0":[1],"1":[2],"2":[8,14]},"_coverageSchema":"332fd63041d2c1bcb487cc26dd0d5f7d97098a6c","hash":"5e98ef16bf2653d1e0406a689db63d2c0f0d01fa"}
,"C:\\Users\\Mateus\\Documents\\Arquivos de Programação\\CursoReactJS-quero-ser-Ninja\\jest-in-practice\\src\\map\\map.js": {"path":"C:\\Users\\Mateus\\Documents\\Arquivos de Programação\\CursoReactJS-quero-ser-Ninja\\jest-in-practice\\src\\map\\map.js","statementMap":{"0":{"start":{"line":3,"column":12},"end":{"line":11,"column":1}},"1":{"start":{"line":3,"column":40},"end":{"line":3,"column":44}},"2":{"start":{"line":4,"column":17},"end":{"line":4,"column":19}},"3":{"start":{"line":5,"column":4},"end":{"line":5,"column":80}},"4":{"start":{"line":5,"column":35},"end":{"line":5,"column":80}},"5":{"start":{"line":7,"column":4},"end":{"line":9,"column":5}},"6":{"start":{"line":8,"column":8},"end":{"line":8,"column":41}},"7":{"start":{"line":10,"column":4},"end":{"line":10,"column":17}}},"fnMap":{"0":{"name":"(anonymous_0)","decl":{"start":{"line":3,"column":12},"end":{"line":3,"column":13}},"loc":{"start":{"line":3,"column":49},"end":{"line":11,"column":1}},"line":3},"1":{"name":"(anonymous_1)","decl":{"start":{"line":3,"column":30},"end":{"line":3,"column":31}},"loc":{"start":{"line":3,"column":40},"end":{"line":3,"column":44}},"line":3}},"branchMap":{"0":{"loc":{"start":{"line":3,"column":13},"end":{"line":3,"column":21}},"type":"default-arg","locations":[{"start":{"line":3,"column":19},"end":{"line":3,"column":21}}],"line":3},"1":{"loc":{"start":{"line":3,"column":23},"end":{"line":3,"column":44}},"type":"default-arg","locations":[{"start":{"line":3,"column":30},"end":{"line":3,"column":44}}],"line":3},"2":{"loc":{"start":{"line":5,"column":4},"end":{"line":5,"column":80}},"type":"if","locations":[{"start":{"line":5,"column":4},"end":{"line":5,"column":80}},{"start":{"line":5,"column":4},"end":{"line":5,"column":80}}],"line":5}},"s":{"0":1,"1":2,"2":9,"3":9,"4":1,"5":8,"6":14,"7":8},"f":{"0":9,"1":2},"b":{"0":[1],"1":[2],"2":[1,8]},"_coverageSchema":"332fd63041d2c1bcb487cc26dd0d5f7d97098a6c","hash":"feff32f762b423c190a886d32c9f6b6c3196976a"}
,"C:\\Users\\Mateus\\Documents\\Arquivos de Programação\\CursoReactJS-quero-ser-Ninja\\jest-in-practice\\src\\reverse\\reverse.js": {"path":"C:\\Users\\Mateus\\Documents\\Arquivos de Programação\\CursoReactJS-quero-ser-Ninja\\jest-in-practice\\src\\reverse\\reverse.js","statementMap":{"0":{"start":{"line":3,"column":16},"end":{"line":5,"column":1}},"1":{"start":{"line":4,"column":4},"end":{"line":4,"column":24}}},"fnMap":{"0":{"name":"(anonymous_0)","decl":{"start":{"line":3,"column":16},"end":{"line":3,"column":17}},"loc":{"start":{"line":3,"column":25},"end":{"line":5,"column":1}},"line":3}},"branchMap":{},"s":{"0":1,"1":1},"f":{"0":1},"b":{},"_coverageSchema":"332fd63041d2c1bcb487cc26dd0d5f7d97098a6c","hash":"220462c58c38d610bbb4c97dd43ef7560c99e2a7"}
,"C:\\Users\\Mateus\\Documents\\Arquivos de Programação\\CursoReactJS-quero-ser-Ninja\\jest-in-practice\\src\\some\\some-recursive.js": {"path":"C:\\Users\\Mateus\\Documents\\Arquivos de Programação\\CursoReactJS-quero-ser-Ninja\\jest-in-practice\\src\\some\\some-recursive.js","statementMap":{"0":{"start":{"line":3,"column":13},"end":{"line":12,"column":1}},"1":{"start":{"line":4,"column":4},"end":{"line":11,"column":14}},"2":{"start":{"line":5,"column":32},"end":{"line":5,"column":45}},"3":{"start":{"line":6,"column":8},"end":{"line":10,"column":41}}},"fnMap":{"0":{"name":"(anonymous_0)","decl":{"start":{"line":3,"column":13},"end":{"line":3,"column":14}},"loc":{"start":{"line":3,"column":28},"end":{"line":12,"column":1}},"line":3},"1":{"name":"someInternal","decl":{"start":{"line":4,"column":21},"end":{"line":4,"column":33}},"loc":{"start":{"line":4,"column":57},"end":{"line":11,"column":5}},"line":4}},"branchMap":{"0":{"loc":{"start":{"line":6,"column":15},"end":{"line":10,"column":41}},"type":"cond-expr","locations":[{"start":{"line":7,"column":10},"end":{"line":7,"column":15}},{"start":{"line":8,"column":10},"end":{"line":10,"column":41}}],"line":6},"1":{"loc":{"start":{"line":8,"column":10},"end":{"line":10,"column":41}},"type":"cond-expr","locations":[{"start":{"line":9,"column":10},"end":{"line":9,"column":14}},{"start":{"line":10,"column":10},"end":{"line":10,"column":41}}],"line":8}},"s":{"0":1,"1":5,"2":8,"3":8},"f":{"0":5,"1":8},"b":{"0":[2,6],"1":[3,3]},"_coverageSchema":"332fd63041d2c1bcb487cc26dd0d5f7d97098a6c","hash":"c63e9197795261f282a976e2a015b9d03ed4f025"}
,"C:\\Users\\Mateus\\Documents\\Arquivos de Programação\\CursoReactJS-quero-ser-Ninja\\jest-in-practice\\src\\some\\some.js": {"path":"C:\\Users\\Mateus\\Documents\\Arquivos de Programação\\CursoReactJS-quero-ser-Ninja\\jest-in-practice\\src\\some\\some.js","statementMap":{"0":{"start":{"line":3,"column":13},"end":{"line":10,"column":1}},"1":{"start":{"line":4,"column":4},"end":{"line":8,"column":5}},"2":{"start":{"line":5,"column":8},"end":{"line":7,"column":9}},"3":{"start":{"line":6,"column":12},"end":{"line":6,"column":23}},"4":{"start":{"line":9,"column":4},"end":{"line":9,"column":16}}},"fnMap":{"0":{"name":"(anonymous_0)","decl":{"start":{"line":3,"column":13},"end":{"line":3,"column":14}},"loc":{"start":{"line":3,"column":28},"end":{"line":10,"column":1}},"line":3}},"branchMap":{"0":{"loc":{"start":{"line":5,"column":8},"end":{"line":7,"column":9}},"type":"if","locations":[{"start":{"line":5,"column":8},"end":{"line":7,"column":9}},{"start":{"line":5,"column":8},"end":{"line":7,"column":9}}],"line":5}},"s":{"0":1,"1":5,"2":6,"3":3,"4":2},"f":{"0":5},"b":{"0":[3,3]},"_coverageSchema":"332fd63041d2c1bcb487cc26dd0d5f7d97098a6c","hash":"f0d8b7ee6ff774f350516f853c49eaac0d662757"}
}
